<?xml version="1.0" encoding="UTF-8"?>
<testng-results skipped="0" failed="0" total="1" passed="1">
  <reporter-output>
  </reporter-output>
  <suite name="Default suite" duration-ms="3976" started-at="2016-12-13T10:39:14Z" finished-at="2016-12-13T10:39:18Z">
    <groups>
    </groups>
    <test name="Default test" duration-ms="3976" started-at="2016-12-13T10:39:14Z" finished-at="2016-12-13T10:39:18Z">
      <class name="com.hari.test.PageLoadingTime">
        <test-method status="PASS" signature="pageloadtime()[pri:0, instance:com.hari.test.PageLoadingTime@dca536]" name="pageloadtime" duration-ms="3958" started-at="2016-12-13T16:09:14Z" finished-at="2016-12-13T16:09:18Z">
          <reporter-output>
          </reporter-output>
        </test-method> <!-- pageloadtime -->
      </class> <!-- com.hari.test.PageLoadingTime -->
    </test> <!-- Default test -->
  </suite> <!-- Default suite -->
</testng-results>
