<?xml version="1.0" encoding="UTF-8"?>
<testng-results skipped="0" failed="0" total="1" passed="1">
  <reporter-output>
  </reporter-output>
  <suite name="Default suite" duration-ms="1456" started-at="2016-12-05T08:51:12Z" finished-at="2016-12-05T08:51:13Z">
    <groups>
    </groups>
    <test name="Default test" duration-ms="1456" started-at="2016-12-05T08:51:12Z" finished-at="2016-12-05T08:51:13Z">
      <class name="com.hari.test.ReadJsonObject">
        <test-method status="PASS" signature="aptTesting()[pri:0, instance:com.hari.test.ReadJsonObject@1a10788]" name="aptTesting" duration-ms="1443" started-at="2016-12-05T14:21:12Z" finished-at="2016-12-05T14:21:13Z">
          <reporter-output>
          </reporter-output>
        </test-method> <!-- aptTesting -->
      </class> <!-- com.hari.test.ReadJsonObject -->
    </test> <!-- Default test -->
  </suite> <!-- Default suite -->
</testng-results>
